<?xml version="1.0" encoding="UTF-8"?>
<!-- Generated by org.testng.reporters.JUnitReportReporter -->
<testsuite hostname="PDMR-WS236" failures="0" tests="1" name="com.qa.jms.tests.AddPublisherTest" time="8.661" errors="0" timestamp="2024-12-24T12:25:41 IST" skipped="0">
  <testcase classname="com.qa.jms.tests.AddPublisherTest" name="addPublisherTest" time="8.661"/>
  <system-out/>
</testsuite> <!-- com.qa.jms.tests.AddPublisherTest -->
