<?xml version="1.0" encoding="UTF-8"?>
<!-- Generated by org.testng.reporters.JUnitReportReporter -->
<testsuite hostname="PDMR-WS236" failures="0" tests="2" name="com.qa.jms.tests.EditorPageTest" time="60.444" errors="2" timestamp="2024-12-30T17:56:57 IST" skipped="0">
  <testcase classname="com.qa.jms.tests.EditorPageTest" name="verifyQueryCreation" time="30.431">
    <error message="Error {
  message=&#039;Timeout 30000ms exceeded.
  name=&#039;TimeoutError
  stack=&#039;TimeoutError: Timeout 30000ms exceeded.
    at ProgressController.run (C:\Users\SJAYAL~1\AppData\Local\Temp\playwright-java-15000933840164048486\package\lib\server\progress.js:75:26)
    at Frame.click (C:\Users\SJAYAL~1\AppData\Local\Temp\playwright-java-15000933840164048486\package\lib\server\frames.js:1022:23)
    at FrameDispatcher.click (C:\Users\SJAYAL~1\AppData\Local\Temp\playwright-java-15000933840164048486\package\lib\server\dispatchers\frameDispatcher.js:158:30)
    at FrameDispatcher._handleCommand (C:\Users\SJAYAL~1\AppData\Local\Temp\playwright-java-15000933840164048486\package\lib\server\dispatchers\dispatcher.js:94:40)
    at DispatcherConnection.dispatch (C:\Users\SJAYAL~1\AppData\Local\Temp\playwright-java-15000933840164048486\package\lib\server\dispatchers\dispatcher.js:361:39)
    at runNextTicks (node:internal/process/task_queues:65:5)
    at process.processImmediate (node:internal/timers:459:9)
}
Call log:
-   - waiting for locator(&quot;//div[@class=&#039;_action-image-container_13gt4_247 false&#039;]//img[@title=&#039;editor&#039;]&quot;)
" type="com.microsoft.playwright.TimeoutError">
      <![CDATA[com.microsoft.playwright.TimeoutError: Error {
  message='Timeout 30000ms exceeded.
  name='TimeoutError
  stack='TimeoutError: Timeout 30000ms exceeded.
    at ProgressController.run (C:\Users\SJAYAL~1\AppData\Local\Temp\playwright-java-15000933840164048486\package\lib\server\progress.js:75:26)
    at Frame.click (C:\Users\SJAYAL~1\AppData\Local\Temp\playwright-java-15000933840164048486\package\lib\server\frames.js:1022:23)
    at FrameDispatcher.click (C:\Users\SJAYAL~1\AppData\Local\Temp\playwright-java-15000933840164048486\package\lib\server\dispatchers\frameDispatcher.js:158:30)
    at FrameDispatcher._handleCommand (C:\Users\SJAYAL~1\AppData\Local\Temp\playwright-java-15000933840164048486\package\lib\server\dispatchers\dispatcher.js:94:40)
    at DispatcherConnection.dispatch (C:\Users\SJAYAL~1\AppData\Local\Temp\playwright-java-15000933840164048486\package\lib\server\dispatchers\dispatcher.js:361:39)
    at runNextTicks (node:internal/process/task_queues:65:5)
    at process.processImmediate (node:internal/timers:459:9)
}
Call log:
-   - waiting for locator("//div[@class='_action-image-container_13gt4_247 false']//img[@title='editor']")

at com.microsoft.playwright.impl.WaitableResult.get(WaitableResult.java:52)
at com.microsoft.playwright.impl.ChannelOwner.runUntil(ChannelOwner.java:132)
at com.microsoft.playwright.impl.Connection.sendMessage(Connection.java:130)
at com.microsoft.playwright.impl.ChannelOwner.sendMessage(ChannelOwner.java:118)
at com.microsoft.playwright.impl.FrameImpl.clickImpl(FrameImpl.java:252)
at com.microsoft.playwright.impl.FrameImpl.lambda$click$8(FrameImpl.java:243)
at com.microsoft.playwright.impl.LoggingSupport.lambda$withLogging$0(LoggingSupport.java:36)
at com.microsoft.playwright.impl.LoggingSupport.withLogging(LoggingSupport.java:47)
at com.microsoft.playwright.impl.ChannelOwner.withLogging(ChannelOwner.java:97)
at com.microsoft.playwright.impl.LoggingSupport.withLogging(LoggingSupport.java:35)
at com.microsoft.playwright.impl.FrameImpl.click(FrameImpl.java:243)
at com.microsoft.playwright.impl.LocatorImpl.click(LocatorImpl.java:175)
at com.microsoft.playwright.Locator.click(Locator.java:2493)
at com.qa.jms.pages.HomePage.clickEditorIcon(HomePage.java:36)
at com.qa.jms.tests.EditorPageTest.verifyQueryCreation(EditorPageTest.java:15)
at java.base/jdk.internal.reflect.NativeMethodAccessorImpl.invoke0(Native Method)
at java.base/jdk.internal.reflect.NativeMethodAccessorImpl.invoke(NativeMethodAccessorImpl.java:77)
at java.base/jdk.internal.reflect.DelegatingMethodAccessorImpl.invoke(DelegatingMethodAccessorImpl.java:43)
at java.base/java.lang.reflect.Method.invoke(Method.java:568)
at org.testng.internal.MethodInvocationHelper.invokeMethod(MethodInvocationHelper.java:133)
at org.testng.internal.TestInvoker.invokeMethod(TestInvoker.java:598)
at org.testng.internal.TestInvoker.invokeTestMethod(TestInvoker.java:173)
at org.testng.internal.MethodRunner.runInSequence(MethodRunner.java:46)
at org.testng.internal.TestInvoker$MethodInvocationAgent.invoke(TestInvoker.java:824)
at org.testng.internal.TestInvoker.invokeTestMethods(TestInvoker.java:146)
at org.testng.internal.TestMethodWorker.invokeTestMethods(TestMethodWorker.java:146)
at org.testng.internal.TestMethodWorker.run(TestMethodWorker.java:128)
at java.base/java.util.ArrayList.forEach(ArrayList.java:1511)
at org.testng.TestRunner.privateRun(TestRunner.java:794)
at org.testng.TestRunner.run(TestRunner.java:596)
at org.testng.SuiteRunner.runTest(SuiteRunner.java:377)
at org.testng.SuiteRunner.runSequentially(SuiteRunner.java:371)
at org.testng.SuiteRunner.privateRun(SuiteRunner.java:332)
at org.testng.SuiteRunner.run(SuiteRunner.java:276)
at org.testng.SuiteRunnerWorker.runSuite(SuiteRunnerWorker.java:53)
at org.testng.SuiteRunnerWorker.run(SuiteRunnerWorker.java:96)
at org.testng.TestNG.runSuitesSequentially(TestNG.java:1212)
at org.testng.TestNG.runSuitesLocally(TestNG.java:1134)
at org.testng.TestNG.runSuites(TestNG.java:1063)
at org.testng.TestNG.run(TestNG.java:1031)
at org.testng.remote.AbstractRemoteTestNG.run(AbstractRemoteTestNG.java:115)
at org.testng.remote.RemoteTestNG.initAndRun(RemoteTestNG.java:293)
at org.testng.remote.RemoteTestNG.main(RemoteTestNG.java:91)
Caused by: com.microsoft.playwright.TimeoutError: Error {
  message='Timeout 30000ms exceeded.
  name='TimeoutError
  stack='TimeoutError: Timeout 30000ms exceeded.
    at ProgressController.run (C:\Users\SJAYAL~1\AppData\Local\Temp\playwright-java-15000933840164048486\package\lib\server\progress.js:75:26)
    at Frame.click (C:\Users\SJAYAL~1\AppData\Local\Temp\playwright-java-15000933840164048486\package\lib\server\frames.js:1022:23)
    at FrameDispatcher.click (C:\Users\SJAYAL~1\AppData\Local\Temp\playwright-java-15000933840164048486\package\lib\server\dispatchers\frameDispatcher.js:158:30)
    at FrameDispatcher._handleCommand (C:\Users\SJAYAL~1\AppData\Local\Temp\playwright-java-15000933840164048486\package\lib\server\dispatchers\dispatcher.js:94:40)
    at DispatcherConnection.dispatch (C:\Users\SJAYAL~1\AppData\Local\Temp\playwright-java-15000933840164048486\package\lib\server\dispatchers\dispatcher.js:361:39)
    at runNextTicks (node:internal/process/task_queues:65:5)
    at process.processImmediate (node:internal/timers:459:9)
}
Call log:
-   - waiting for locator("//div[@class='_action-image-container_13gt4_247 false']//img[@title='editor']")

at com.microsoft.playwright.impl.Connection.dispatch(Connection.java:254)
at com.microsoft.playwright.impl.Connection.processOneMessage(Connection.java:211)
at com.microsoft.playwright.impl.ChannelOwner.runUntil(ChannelOwner.java:130)
... 41 more
]]>
    </error>
  </testcase> <!-- verifyQueryCreation -->
  <system-out/>
  <testcase classname="com.qa.jms.tests.EditorPageTest" name="verifyCreatedAtFunctionality" time="30.013">
    <error message="Error {
  message=&#039;Timeout 30000ms exceeded.
  name=&#039;TimeoutError
  stack=&#039;TimeoutError: Timeout 30000ms exceeded.
    at ProgressController.run (C:\Users\SJAYAL~1\AppData\Local\Temp\playwright-java-15000933840164048486\package\lib\server\progress.js:75:26)
    at Frame.click (C:\Users\SJAYAL~1\AppData\Local\Temp\playwright-java-15000933840164048486\package\lib\server\frames.js:1022:23)
    at FrameDispatcher.click (C:\Users\SJAYAL~1\AppData\Local\Temp\playwright-java-15000933840164048486\package\lib\server\dispatchers\frameDispatcher.js:158:30)
    at FrameDispatcher._handleCommand (C:\Users\SJAYAL~1\AppData\Local\Temp\playwright-java-15000933840164048486\package\lib\server\dispatchers\dispatcher.js:94:40)
    at DispatcherConnection.dispatch (C:\Users\SJAYAL~1\AppData\Local\Temp\playwright-java-15000933840164048486\package\lib\server\dispatchers\dispatcher.js:361:39)
}
Call log:
-   - waiting for locator(&quot;//div[@class=&#039;_action-image-container_13gt4_247 false&#039;]//img[@title=&#039;editor&#039;]&quot;)
" type="com.microsoft.playwright.TimeoutError">
      <![CDATA[com.microsoft.playwright.TimeoutError: Error {
  message='Timeout 30000ms exceeded.
  name='TimeoutError
  stack='TimeoutError: Timeout 30000ms exceeded.
    at ProgressController.run (C:\Users\SJAYAL~1\AppData\Local\Temp\playwright-java-15000933840164048486\package\lib\server\progress.js:75:26)
    at Frame.click (C:\Users\SJAYAL~1\AppData\Local\Temp\playwright-java-15000933840164048486\package\lib\server\frames.js:1022:23)
    at FrameDispatcher.click (C:\Users\SJAYAL~1\AppData\Local\Temp\playwright-java-15000933840164048486\package\lib\server\dispatchers\frameDispatcher.js:158:30)
    at FrameDispatcher._handleCommand (C:\Users\SJAYAL~1\AppData\Local\Temp\playwright-java-15000933840164048486\package\lib\server\dispatchers\dispatcher.js:94:40)
    at DispatcherConnection.dispatch (C:\Users\SJAYAL~1\AppData\Local\Temp\playwright-java-15000933840164048486\package\lib\server\dispatchers\dispatcher.js:361:39)
}
Call log:
-   - waiting for locator("//div[@class='_action-image-container_13gt4_247 false']//img[@title='editor']")

at com.microsoft.playwright.impl.WaitableResult.get(WaitableResult.java:52)
at com.microsoft.playwright.impl.ChannelOwner.runUntil(ChannelOwner.java:132)
at com.microsoft.playwright.impl.Connection.sendMessage(Connection.java:130)
at com.microsoft.playwright.impl.ChannelOwner.sendMessage(ChannelOwner.java:118)
at com.microsoft.playwright.impl.FrameImpl.clickImpl(FrameImpl.java:252)
at com.microsoft.playwright.impl.FrameImpl.lambda$click$8(FrameImpl.java:243)
at com.microsoft.playwright.impl.LoggingSupport.lambda$withLogging$0(LoggingSupport.java:36)
at com.microsoft.playwright.impl.LoggingSupport.withLogging(LoggingSupport.java:47)
at com.microsoft.playwright.impl.ChannelOwner.withLogging(ChannelOwner.java:97)
at com.microsoft.playwright.impl.LoggingSupport.withLogging(LoggingSupport.java:35)
at com.microsoft.playwright.impl.FrameImpl.click(FrameImpl.java:243)
at com.microsoft.playwright.impl.LocatorImpl.click(LocatorImpl.java:175)
at com.microsoft.playwright.Locator.click(Locator.java:2493)
at com.qa.jms.pages.HomePage.clickEditorIcon(HomePage.java:36)
at com.qa.jms.tests.EditorPageTest.verifyCreatedAtFunctionality(EditorPageTest.java:29)
at java.base/jdk.internal.reflect.NativeMethodAccessorImpl.invoke0(Native Method)
at java.base/jdk.internal.reflect.NativeMethodAccessorImpl.invoke(NativeMethodAccessorImpl.java:77)
at java.base/jdk.internal.reflect.DelegatingMethodAccessorImpl.invoke(DelegatingMethodAccessorImpl.java:43)
at java.base/java.lang.reflect.Method.invoke(Method.java:568)
at org.testng.internal.MethodInvocationHelper.invokeMethod(MethodInvocationHelper.java:133)
at org.testng.internal.TestInvoker.invokeMethod(TestInvoker.java:598)
at org.testng.internal.TestInvoker.invokeTestMethod(TestInvoker.java:173)
at org.testng.internal.MethodRunner.runInSequence(MethodRunner.java:46)
at org.testng.internal.TestInvoker$MethodInvocationAgent.invoke(TestInvoker.java:824)
at org.testng.internal.TestInvoker.invokeTestMethods(TestInvoker.java:146)
at org.testng.internal.TestMethodWorker.invokeTestMethods(TestMethodWorker.java:146)
at org.testng.internal.TestMethodWorker.run(TestMethodWorker.java:128)
at java.base/java.util.ArrayList.forEach(ArrayList.java:1511)
at org.testng.TestRunner.privateRun(TestRunner.java:794)
at org.testng.TestRunner.run(TestRunner.java:596)
at org.testng.SuiteRunner.runTest(SuiteRunner.java:377)
at org.testng.SuiteRunner.runSequentially(SuiteRunner.java:371)
at org.testng.SuiteRunner.privateRun(SuiteRunner.java:332)
at org.testng.SuiteRunner.run(SuiteRunner.java:276)
at org.testng.SuiteRunnerWorker.runSuite(SuiteRunnerWorker.java:53)
at org.testng.SuiteRunnerWorker.run(SuiteRunnerWorker.java:96)
at org.testng.TestNG.runSuitesSequentially(TestNG.java:1212)
at org.testng.TestNG.runSuitesLocally(TestNG.java:1134)
at org.testng.TestNG.runSuites(TestNG.java:1063)
at org.testng.TestNG.run(TestNG.java:1031)
at org.testng.remote.AbstractRemoteTestNG.run(AbstractRemoteTestNG.java:115)
at org.testng.remote.RemoteTestNG.initAndRun(RemoteTestNG.java:293)
at org.testng.remote.RemoteTestNG.main(RemoteTestNG.java:91)
Caused by: com.microsoft.playwright.TimeoutError: Error {
  message='Timeout 30000ms exceeded.
  name='TimeoutError
  stack='TimeoutError: Timeout 30000ms exceeded.
    at ProgressController.run (C:\Users\SJAYAL~1\AppData\Local\Temp\playwright-java-15000933840164048486\package\lib\server\progress.js:75:26)
    at Frame.click (C:\Users\SJAYAL~1\AppData\Local\Temp\playwright-java-15000933840164048486\package\lib\server\frames.js:1022:23)
    at FrameDispatcher.click (C:\Users\SJAYAL~1\AppData\Local\Temp\playwright-java-15000933840164048486\package\lib\server\dispatchers\frameDispatcher.js:158:30)
    at FrameDispatcher._handleCommand (C:\Users\SJAYAL~1\AppData\Local\Temp\playwright-java-15000933840164048486\package\lib\server\dispatchers\dispatcher.js:94:40)
    at DispatcherConnection.dispatch (C:\Users\SJAYAL~1\AppData\Local\Temp\playwright-java-15000933840164048486\package\lib\server\dispatchers\dispatcher.js:361:39)
}
Call log:
-   - waiting for locator("//div[@class='_action-image-container_13gt4_247 false']//img[@title='editor']")

at com.microsoft.playwright.impl.Connection.dispatch(Connection.java:254)
at com.microsoft.playwright.impl.Connection.processOneMessage(Connection.java:211)
at com.microsoft.playwright.impl.ChannelOwner.runUntil(ChannelOwner.java:130)
... 41 more
]]>
    </error>
  </testcase> <!-- verifyCreatedAtFunctionality -->
  <system-out/>
</testsuite> <!-- com.qa.jms.tests.EditorPageTest -->
