<?xml version="1.0" encoding="UTF-8"?>
<!-- Generated by org.testng.reporters.JUnitReportReporter -->
<testsuite hostname="PDMR-WS236" failures="0" tests="10" name="com.qa.jms.tests.AddArticleTest" time="17.822" errors="0" timestamp="2024-12-30T17:53:47 IST" skipped="0">
  <testcase classname="com.qa.jms.tests.AddArticleTest" name="addJournalTest" time="3.721"/>
  <system-out/>
  <testcase classname="com.qa.jms.tests.AddArticleTest" name="selectPublisherTest" time="0.266"/>
  <system-out/>
  <testcase classname="com.qa.jms.tests.AddArticleTest" name="enterArticleDetailsTest" time="0.966"/>
  <system-out/>
  <testcase classname="com.qa.jms.tests.AddArticleTest" name="turnAroundDeatilsTest" time="1.107"/>
  <system-out/>
  <testcase classname="com.qa.jms.tests.AddArticleTest" name="checklistSelectionTest" time="0.225"/>
  <system-out/>
  <testcase classname="com.qa.jms.tests.AddArticleTest" name="articleFileUplloadTest" time="0.162"/>
  <system-out/>
  <testcase classname="com.qa.jms.tests.AddArticleTest" name="notesTest" time="0.430"/>
  <system-out/>
  <testcase classname="com.qa.jms.tests.AddArticleTest" name="mailTest" time="1.361"/>
  <system-out/>
  <testcase classname="com.qa.jms.tests.AddArticleTest" name="checkListTest" time="1.429"/>
  <system-out/>
  <testcase classname="com.qa.jms.tests.AddArticleTest" name="validateArticleTest" time="8.155"/>
  <system-out/>
</testsuite> <!-- com.qa.jms.tests.AddArticleTest -->
