<?xml version="1.0" encoding="UTF-8"?>
<!-- Generated by org.testng.reporters.JUnitReportReporter -->
<testsuite hostname="PDMR-WS236" failures="0" tests="9" name="com.qa.jms.tests.AddJournalTest" time="17.595" errors="1" timestamp="2024-12-30T19:00:03 IST" skipped="0">
  <testcase classname="com.qa.jms.tests.AddJournalTest" name="addJournalTest" time="5.620"/>
  <system-out/>
  <testcase classname="com.qa.jms.tests.AddJournalTest" name="selectPublisherTest" time="0.422"/>
  <system-out/>
  <testcase classname="com.qa.jms.tests.AddJournalTest" name="journalDetailTest" time="0.320"/>
  <system-out/>
  <testcase classname="com.qa.jms.tests.AddJournalTest" name="selectJournalWorkTest" time="0.313"/>
  <system-out/>
  <testcase classname="com.qa.jms.tests.AddJournalTest" name="selectPubTypeTest" time="0.327"/>
  <system-out/>
  <testcase classname="com.qa.jms.tests.AddJournalTest" name="dateImportTest" time="1.231"/>
  <system-out/>
  <testcase classname="com.qa.jms.tests.AddJournalTest" name="uploadJournalStyleTest" time="0.583"/>
  <system-out/>
  <testcase classname="com.qa.jms.tests.AddJournalTest" name="uploadJournalgudelinesTest" time="0.056"/>
  <system-out/>
  <testcase classname="com.qa.jms.tests.AddJournalTest" name="clickButtonsTest" time="8.723">
    <error message="Error {
  message=&#039;Target page, context or browser has been closed
  name=&#039;TargetClosedError
  stack=&#039;TargetClosedError:Target page, context or browser has been closed
Error
    at captureRawStack (C:\Users\SJAYAL~1\AppData\Local\Temp\playwright-java-11568489584089378131\package\lib\utils\stackTrace.js:50:17)
    at LongStandingScope._race (C:\Users\SJAYAL~1\AppData\Local\Temp\playwright-java-11568489584089378131\package\lib\utils\manualPromise.js:91:52)
    at LongStandingScope.race (C:\Users\SJAYAL~1\AppData\Local\Temp\playwright-java-11568489584089378131\package\lib\utils\manualPromise.js:84:17)
    at FrameDispatcher._handleCommand (C:\Users\SJAYAL~1\AppData\Local\Temp\playwright-java-11568489584089378131\package\lib\server\dispatchers\dispatcher.js:96:36)
    at DispatcherConnection.dispatch (C:\Users\SJAYAL~1\AppData\Local\Temp\playwright-java-11568489584089378131\package\lib\server\dispatchers\dispatcher.js:361:39)
}
Call log:
-   - waiting for locator(&quot;//div[contains(text(),&#039;Journal Added Successfully&#039;)]&quot;)
" type="com.microsoft.playwright.impl.TargetClosedError">
      <![CDATA[com.microsoft.playwright.impl.TargetClosedError: Error {
  message='Target page, context or browser has been closed
  name='TargetClosedError
  stack='TargetClosedError:Target page, context or browser has been closed
Error
    at captureRawStack (C:\Users\SJAYAL~1\AppData\Local\Temp\playwright-java-11568489584089378131\package\lib\utils\stackTrace.js:50:17)
    at LongStandingScope._race (C:\Users\SJAYAL~1\AppData\Local\Temp\playwright-java-11568489584089378131\package\lib\utils\manualPromise.js:91:52)
    at LongStandingScope.race (C:\Users\SJAYAL~1\AppData\Local\Temp\playwright-java-11568489584089378131\package\lib\utils\manualPromise.js:84:17)
    at FrameDispatcher._handleCommand (C:\Users\SJAYAL~1\AppData\Local\Temp\playwright-java-11568489584089378131\package\lib\server\dispatchers\dispatcher.js:96:36)
    at DispatcherConnection.dispatch (C:\Users\SJAYAL~1\AppData\Local\Temp\playwright-java-11568489584089378131\package\lib\server\dispatchers\dispatcher.js:361:39)
}
Call log:
-   - waiting for locator("//div[contains(text(),'Journal Added Successfully')]")

at com.microsoft.playwright.impl.WaitableResult.get(WaitableResult.java:54)
at com.microsoft.playwright.impl.ChannelOwner.runUntil(ChannelOwner.java:132)
at com.microsoft.playwright.impl.Connection.sendMessage(Connection.java:130)
at com.microsoft.playwright.impl.ChannelOwner.sendMessage(ChannelOwner.java:118)
at com.microsoft.playwright.impl.FrameImpl.textContentImpl(FrameImpl.java:818)
at com.microsoft.playwright.impl.FrameImpl.lambda$textContent$38(FrameImpl.java:809)
at com.microsoft.playwright.impl.LoggingSupport.withLogging(LoggingSupport.java:47)
at com.microsoft.playwright.impl.ChannelOwner.withLogging(ChannelOwner.java:97)
at com.microsoft.playwright.impl.FrameImpl.textContent(FrameImpl.java:809)
at com.microsoft.playwright.impl.LocatorImpl.textContent(LocatorImpl.java:606)
at com.microsoft.playwright.Locator.textContent(Locator.java:5269)
at com.qa.jms.pages.AddJournalPage.clickButtons(AddJournalPage.java:203)
at com.qa.jms.tests.AddJournalTest.clickButtonsTest(AddJournalTest.java:70)
at java.base/jdk.internal.reflect.NativeMethodAccessorImpl.invoke0(Native Method)
at java.base/jdk.internal.reflect.NativeMethodAccessorImpl.invoke(NativeMethodAccessorImpl.java:77)
at java.base/jdk.internal.reflect.DelegatingMethodAccessorImpl.invoke(DelegatingMethodAccessorImpl.java:43)
at java.base/java.lang.reflect.Method.invoke(Method.java:568)
at org.testng.internal.MethodInvocationHelper.invokeMethod(MethodInvocationHelper.java:133)
at org.testng.internal.TestInvoker.invokeMethod(TestInvoker.java:598)
at org.testng.internal.TestInvoker.invokeTestMethod(TestInvoker.java:173)
at org.testng.internal.MethodRunner.runInSequence(MethodRunner.java:46)
at org.testng.internal.TestInvoker$MethodInvocationAgent.invoke(TestInvoker.java:824)
at org.testng.internal.TestInvoker.invokeTestMethods(TestInvoker.java:146)
at org.testng.internal.TestMethodWorker.invokeTestMethods(TestMethodWorker.java:146)
at org.testng.internal.TestMethodWorker.run(TestMethodWorker.java:128)
at java.base/java.util.ArrayList.forEach(ArrayList.java:1511)
at org.testng.TestRunner.privateRun(TestRunner.java:794)
at org.testng.TestRunner.run(TestRunner.java:596)
at org.testng.SuiteRunner.runTest(SuiteRunner.java:377)
at org.testng.SuiteRunner.runSequentially(SuiteRunner.java:371)
at org.testng.SuiteRunner.privateRun(SuiteRunner.java:332)
at org.testng.SuiteRunner.run(SuiteRunner.java:276)
at org.testng.SuiteRunnerWorker.runSuite(SuiteRunnerWorker.java:53)
at org.testng.SuiteRunnerWorker.run(SuiteRunnerWorker.java:96)
at org.testng.TestNG.runSuitesSequentially(TestNG.java:1212)
at org.testng.TestNG.runSuitesLocally(TestNG.java:1134)
at org.testng.TestNG.runSuites(TestNG.java:1063)
at org.testng.TestNG.run(TestNG.java:1031)
at org.testng.remote.AbstractRemoteTestNG.run(AbstractRemoteTestNG.java:115)
at org.testng.remote.RemoteTestNG.initAndRun(RemoteTestNG.java:293)
at org.testng.remote.RemoteTestNG.main(RemoteTestNG.java:91)
Caused by: com.microsoft.playwright.impl.TargetClosedError: Error {
  message='Target page, context or browser has been closed
  name='TargetClosedError
  stack='TargetClosedError:Target page, context or browser has been closed
Error
    at captureRawStack (C:\Users\SJAYAL~1\AppData\Local\Temp\playwright-java-11568489584089378131\package\lib\utils\stackTrace.js:50:17)
    at LongStandingScope._race (C:\Users\SJAYAL~1\AppData\Local\Temp\playwright-java-11568489584089378131\package\lib\utils\manualPromise.js:91:52)
    at LongStandingScope.race (C:\Users\SJAYAL~1\AppData\Local\Temp\playwright-java-11568489584089378131\package\lib\utils\manualPromise.js:84:17)
    at FrameDispatcher._handleCommand (C:\Users\SJAYAL~1\AppData\Local\Temp\playwright-java-11568489584089378131\package\lib\server\dispatchers\dispatcher.js:96:36)
    at DispatcherConnection.dispatch (C:\Users\SJAYAL~1\AppData\Local\Temp\playwright-java-11568489584089378131\package\lib\server\dispatchers\dispatcher.js:361:39)
}
Call log:
-   - waiting for locator("//div[contains(text(),'Journal Added Successfully')]")

at com.microsoft.playwright.impl.Connection.dispatch(Connection.java:256)
at com.microsoft.playwright.impl.Connection.processOneMessage(Connection.java:211)
at com.microsoft.playwright.impl.ChannelOwner.runUntil(ChannelOwner.java:130)
... 39 more
]]>
    </error>
  </testcase> <!-- clickButtonsTest -->
  <system-out/>
</testsuite> <!-- com.qa.jms.tests.AddJournalTest -->
